{
    "region": {
        "TerminatingInstances": [
            {
                "CurrentState": {
                    "Code": 32,
                    "Name": "shutting-down"
                },
                "InstanceId": "i-02e0b8780f196836a",
                "PreviousState": {
                    "Code": 16,
                    "Name": "running"
                }
            },
            {
                "CurrentState": {
                    "Code": 32,
                    "Name": "shutting-down"
                },
                "InstanceId": "i-09e71f001a03dbea6",
                "PreviousState": {
                    "Code": 16,
                    "Name": "running"
                }
            }
        ],
        "ResponseMetadata": {
            "RequestId": "01f308d7-5b14-4571-a42d-652f94ecd397",
            "HTTPStatusCode": 200,
            "HTTPHeaders": {
                "x-amzn-requestid": "01f308d7-5b14-4571-a42d-652f94ecd397",
                "cache-control": "no-cache, no-store",
                "strict-transport-security": "max-age=31536000; includeSubDomains",
                "content-type": "text/xml;charset=UTF-8",
                "transfer-encoding": "chunked",
                "vary": "accept-encoding",
                "date": "Sat, 19 Jun 2021 16:09:39 GMT",
                "server": "AmazonEC2"
            },
            "RetryAttempts": 0
        }
    }
}